<?xml version="1.0" encoding="UTF-8"?>
<!-- Generated by org.testng.reporters.JUnitReportReporter -->
<testsuite hostname="Karishma-VAIO" failures="0" tests="8" name="com.Test.HomePageTest" time="26.676" errors="0" timestamp="2024-12-29T20:43:19 IST" skipped="0">
  <testcase classname="com.Test.HomePageTest" name="Test1" time="0.271"/>
  <system-out/>
  <testcase classname="com.Test.HomePageTest" name="validateSignup" time="14.910"/>
  <system-out/>
  <testcase classname="com.Test.HomePageTest" name="validateLogin" time="8.421"/>
  <system-out/>
  <testcase classname="com.Test.HomePageTest" name="validateNumberOfCategories" time="0.640"/>
  <system-out/>
  <testcase classname="com.Test.HomePageTest" name="validateListOfCategories" time="0.442"/>
  <system-out/>
  <testcase classname="com.Test.HomePageTest" name="validatePhoneProducts" time="0.546"/>
  <system-out/>
  <testcase classname="com.Test.HomePageTest" name="validateLaptopProducts" time="0.895"/>
  <system-out/>
  <testcase classname="com.Test.HomePageTest" name="validateMonitorProducts" time="0.551"/>
  <system-out/>
</testsuite> <!-- com.Test.HomePageTest -->
