<?xml version="1.0" encoding="UTF-8"?>
<!-- Generated by org.testng.reporters.JUnitReportReporter -->
<testsuite hostname="Karishma-VAIO" failures="0" tests="7" name="com.Test.IndexPageTest" time="32.424" errors="0" timestamp="2024-12-29T20:46:51 IST" skipped="0">
  <testcase classname="com.Test.IndexPageTest" name="Test1" time="0.351"/>
  <system-out/>
  <testcase classname="com.Test.IndexPageTest" name="validateSignup" time="7.096"/>
  <system-out/>
  <testcase classname="com.Test.IndexPageTest" name="validateLogin" time="6.760"/>
  <system-out/>
  <testcase classname="com.Test.IndexPageTest" name="testCategoriesAndOptions" time="0.312"/>
  <system-out/>
  <testcase classname="com.Test.IndexPageTest" name="testAddProductToCart" time="4.758"/>
  <system-out/>
  <testcase classname="com.Test.IndexPageTest" name="clickOnCart" time="7.454"/>
  <system-out/>
  <testcase classname="com.Test.IndexPageTest" name="OrderDetails" time="5.693"/>
  <system-out/>
</testsuite> <!-- com.Test.IndexPageTest -->
