<?xml version="1.0" encoding="UTF-8"?>
<!-- Generated by org.testng.reporters.JUnitReportReporter -->
<testsuite hostname="Karishma-VAIO" failures="0" tests="5" name="com.Scenario1.LoginTest" time="14.278" errors="0" timestamp="2024-12-29T16:40:28 IST" skipped="0">
  <testcase classname="com.Scenario1.LoginTest" name="loginTest" time="6.783"/>
  <system-out/>
  <testcase classname="com.Scenario1.LoginTest" name="loginTest" time="1.654"/>
  <system-out/>
  <testcase classname="com.Scenario1.LoginTest" name="loginTest" time="1.639"/>
  <system-out/>
  <testcase classname="com.Scenario1.LoginTest" name="loginTest" time="2.081"/>
  <system-out/>
  <testcase classname="com.Scenario1.LoginTest" name="loginTest" time="2.121"/>
  <system-out/>
</testsuite> <!-- com.Scenario1.LoginTest -->
